<?xml version="1.0" encoding="UTF-8"?>
<!-- Generated by org.testng.reporters.JUnitReportReporter -->
<testsuite skipped="0" hostname="DESKTOP-3MLN4MN" name="com.qa.tests.AODDATaskListandViewC6RegisterandAODREports" tests="6" failures="0" timestamp="11 Nov 2021 10:22:39 GMT" time="287.656" errors="0">
  <testcase name="LoginforAOD" time="48.006" classname="com.qa.tests.AODDATaskListandViewC6RegisterandAODREports"/>
  <testcase name="DealingAssistantTaskList" time="90.942" classname="com.qa.tests.AODDATaskListandViewC6RegisterandAODREports"/>
  <testcase name="ViewC6Register" time="70.703" classname="com.qa.tests.AODDATaskListandViewC6RegisterandAODREports"/>
  <testcase name="DefaulterHistory" time="33.641" classname="com.qa.tests.AODDATaskListandViewC6RegisterandAODREports"/>
  <testcase name="DropDefaulterRecords" time="20.417" classname="com.qa.tests.AODDATaskListandViewC6RegisterandAODREports"/>
  <testcase name="AODReports" time="23.947" classname="com.qa.tests.AODDATaskListandViewC6RegisterandAODREports"/>
</testsuite> <!-- com.qa.tests.AODDATaskListandViewC6RegisterandAODREports -->
