<?xml version="1.0" encoding="UTF-8"?>
<!-- Generated by org.testng.reporters.JUnitReportReporter -->
<testsuite skipped="0" hostname="DESKTOP-3MLN4MN" name="com.qa.tests.SicknessBenefitFor91Days" tests="10" failures="0" timestamp="27 Dec 2021 10:50:41 GMT" time="217.925" errors="0">
  <testcase name="LoginForSB91" time="30.698" classname="com.qa.tests.SicknessBenefitFor91Days"/>
  <testcase name="FirstCertificateForSB91" time="14.393" classname="com.qa.tests.SicknessBenefitFor91Days"/>
  <testcase name="IntermediateCertificateForSB91" time="23.391" classname="com.qa.tests.SicknessBenefitFor91Days"/>
  <testcase name="SecondIntermediateCertificateForSB91" time="21.496" classname="com.qa.tests.SicknessBenefitFor91Days"/>
  <testcase name="ThirdIntermediateCertificateForSB91" time="26.508" classname="com.qa.tests.SicknessBenefitFor91Days"/>
  <testcase name="FourthIntermediateCertificateForSB91" time="22.012" classname="com.qa.tests.SicknessBenefitFor91Days"/>
  <testcase name="CreateClaimForSB91" time="4.451" classname="com.qa.tests.SicknessBenefitFor91Days"/>
  <testcase name="SicknessClaimForm91" time="45.774" classname="com.qa.tests.SicknessBenefitFor91Days"/>
  <testcase name="BMLoginforSB91" time="10.574" classname="com.qa.tests.SicknessBenefitFor91Days"/>
  <testcase name="SBProcessClaimBMLogin91" time="18.628" classname="com.qa.tests.SicknessBenefitFor91Days"/>
</testsuite> <!-- com.qa.tests.SicknessBenefitFor91Days -->
