<?xml version="1.0" encoding="UTF-8"?>
<!-- Generated by org.testng.reporters.JUnitReportReporter -->
<testsuite skipped="0" hostname="DESKTOP-3MLN4MN" name="com.qa.tests.UpdateEmployee1" tests="2" failures="0" timestamp="05 Nov 2021 06:43:47 GMT" time="315.339" errors="0">
  <testcase name="LoginforUpdateEmployerDetails" time="45.741" classname="com.qa.tests.UpdateEmployee1"/>
  <testcase name="UpdateRegister" time="269.598" classname="com.qa.tests.UpdateEmployee1"/>
</testsuite> <!-- com.qa.tests.UpdateEmployee1 -->
