<?xml version="1.0" encoding="UTF-8"?>
<!-- Generated by org.testng.reporters.JUnitReportReporter -->
<testsuite skipped="0" hostname="DESKTOP-3MLN4MN" name="com.qa.tests.MaternityBenefitConfinement18weeksFlow" tests="3" failures="0" timestamp="30 Sep 2021 04:40:58 GMT" time="123.775" errors="0">
  <testcase name="Login" time="10.122" classname="com.qa.tests.MaternityBenefitConfinement18weeksFlow"/>
  <testcase name="MBCreateClaim" time="8.736" classname="com.qa.tests.MaternityBenefitConfinement18weeksFlow"/>
  <testcase name="MB_Form19" time="104.917" classname="com.qa.tests.MaternityBenefitConfinement18weeksFlow"/>
</testsuite> <!-- com.qa.tests.MaternityBenefitConfinement18weeksFlow -->
