<?xml version="1.0" encoding="UTF-8"?>
<!-- Generated by org.testng.reporters.JUnitReportReporter -->
<testsuite skipped="0" hostname="DESKTOP-3MLN4MN" name="com.qa.tests.ChangeIpStatusOnDeathTest" tests="2" failures="0" timestamp="13 Dec 2021 09:09:51 GMT" time="70.988" errors="0">
  <testcase name="LoginforChangeIpStatusOnDeath" time="48.765" classname="com.qa.tests.ChangeIpStatusOnDeathTest"/>
  <testcase name="ChangeIPStatusOnDeath" time="22.223" classname="com.qa.tests.ChangeIpStatusOnDeathTest"/>
</testsuite> <!-- com.qa.tests.ChangeIpStatusOnDeathTest -->
