<?xml version="1.0" encoding="UTF-8"?>
<!-- Generated by org.testng.reporters.JUnitReportReporter -->
<testsuite skipped="0" hostname="DESKTOP-3MLN4MN" name="com.qa.tests.PrintCounterFoilTest" tests="2" failures="0" timestamp="13 Dec 2021 09:07:21 GMT" time="110.336" errors="0">
  <testcase name="LoginforPrintCounterFoil" time="49.684" classname="com.qa.tests.PrintCounterFoilTest"/>
  <testcase name="PrintCounterFoil" time="60.652" classname="com.qa.tests.PrintCounterFoilTest"/>
</testsuite> <!-- com.qa.tests.PrintCounterFoilTest -->
