<?xml version="1.0" encoding="UTF-8"?>
<!-- Generated by org.testng.reporters.JUnitReportReporter -->
<testsuite skipped="0" hostname="DESKTOP-3MLN4MN" name="com.qa.tests.MBForm21CompleteFlow" tests="6" failures="0" timestamp="30 Sep 2021 11:06:03 GMT" time="342.185" errors="0">
  <testcase name="Login" time="68.393" classname="com.qa.tests.MBForm21CompleteFlow"/>
  <testcase name="MaternityForm21Certificate" time="26.546" classname="com.qa.tests.MBForm21CompleteFlow"/>
  <testcase name="MBForm20CreateClaim" time="27.011" classname="com.qa.tests.MBForm21CompleteFlow"/>
  <testcase name="CreateClaimMBForm20" time="148.607" classname="com.qa.tests.MBForm21CompleteFlow"/>
  <testcase name="BMLoginforConfinement" time="11.267" classname="com.qa.tests.MBForm21CompleteFlow"/>
  <testcase name="MBForm19ClaimProcessingBMLogin" time="60.361" classname="com.qa.tests.MBForm21CompleteFlow"/>
</testsuite> <!-- com.qa.tests.MBForm21CompleteFlow -->
