<?xml version="1.0" encoding="UTF-8"?>
<!-- Generated by org.testng.reporters.JUnitReportReporter -->
<testsuite skipped="0" hostname="DESKTOP-3MLN4MN" name="com.qa.tests.ViewSubUnitsTest" tests="2" failures="0" timestamp="21 Oct 2021 11:27:15 GMT" time="241.808" errors="0">
  <testcase name="Login" time="75.365" classname="com.qa.tests.ViewSubUnitsTest"/>
  <testcase name="ViewRegister" time="166.443" classname="com.qa.tests.ViewSubUnitsTest"/>
</testsuite> <!-- com.qa.tests.ViewSubUnitsTest -->
