<?xml version="1.0" encoding="UTF-8"?>
<!-- Generated by org.testng.reporters.JUnitReportReporter -->
<testsuite skipped="0" hostname="DESKTOP-3MLN4MN" name="com.qa.tests.SicknessBenefitCompleteFlow" tests="8" failures="0" timestamp="27 Dec 2021 11:15:26 GMT" time="214.760" errors="0">
  <testcase name="LoginForSB" time="40.412" classname="com.qa.tests.SicknessBenefitCompleteFlow"/>
  <testcase name="FirstCertificateForSB" time="18.004" classname="com.qa.tests.SicknessBenefitCompleteFlow"/>
  <testcase name="IntermediateCertificateForSB" time="38.192" classname="com.qa.tests.SicknessBenefitCompleteFlow"/>
  <testcase name="SecondIntermediateCertificateForSB" time="22.313" classname="com.qa.tests.SicknessBenefitCompleteFlow"/>
  <testcase name="CreateClaimForSB" time="13.869" classname="com.qa.tests.SicknessBenefitCompleteFlow"/>
  <testcase name="SicknessClaimForm" time="58.989" classname="com.qa.tests.SicknessBenefitCompleteFlow"/>
  <testcase name="BMLoginforSB" time="10.123" classname="com.qa.tests.SicknessBenefitCompleteFlow"/>
  <testcase name="SBProcessClaimBMLogin" time="12.858" classname="com.qa.tests.SicknessBenefitCompleteFlow"/>
</testsuite> <!-- com.qa.tests.SicknessBenefitCompleteFlow -->
