<?xml version="1.0" encoding="UTF-8"?>
<!-- Generated by org.testng.reporters.JUnitReportReporter -->
<testsuite skipped="0" hostname="DESKTOP-3MLN4MN" name="com.qa.tests.YesRegistrationPageTest" tests="6" failures="0" timestamp="28 Dec 2021 07:43:25 GMT" time="238.507" errors="0">
  <testcase name="LoginForYesRegistration" time="42.903" classname="com.qa.tests.YesRegistrationPageTest"/>
  <testcase name="Register" time="22.973" classname="com.qa.tests.YesRegistrationPageTest"/>
  <testcase name="RegisterForm1" time="95.274" classname="com.qa.tests.YesRegistrationPageTest"/>
  <testcase name="DetailsOfNomnee" time="30.966" classname="com.qa.tests.YesRegistrationPageTest"/>
  <testcase name="FamilyInsuredPerson" time="39.504" classname="com.qa.tests.YesRegistrationPageTest"/>
  <testcase name="DetailsofBankAccountsofInsuredPerson" time="6.887" classname="com.qa.tests.YesRegistrationPageTest"/>
</testsuite> <!-- com.qa.tests.YesRegistrationPageTest -->
