<?xml version="1.0" encoding="UTF-8"?>
<!-- Generated by org.testng.reporters.JUnitReportReporter -->
<testsuite skipped="0" hostname="DESKTOP-3MLN4MN" name="com.qa.tests.MaternityBenefitCompleteFlow" tests="6" failures="0" timestamp="28 Sep 2021 06:57:53 GMT" time="181.709" errors="0">
  <testcase name="Login" time="10.214" classname="com.qa.tests.MaternityBenefitCompleteFlow"/>
  <testcase name="MaternityForm18Certificate" time="16.790" classname="com.qa.tests.MaternityBenefitCompleteFlow"/>
  <testcase name="MBCreateClaim" time="6.524" classname="com.qa.tests.MaternityBenefitCompleteFlow"/>
  <testcase name="MB_Form19" time="74.377" classname="com.qa.tests.MaternityBenefitCompleteFlow"/>
  <testcase name="BMLoginforConfinement" time="50.690" classname="com.qa.tests.MaternityBenefitCompleteFlow"/>
  <testcase name="MBForm19ClaimProcessingBMLogin" time="23.114" classname="com.qa.tests.MaternityBenefitCompleteFlow"/>
</testsuite> <!-- com.qa.tests.MaternityBenefitCompleteFlow -->
