<?xml version="1.0" encoding="UTF-8"?>
<!-- Generated by org.testng.reporters.JUnitReportReporter -->
<testsuite skipped="0" hostname="DESKTOP-3MLN4MN" name="com.qa.tests.ViewRegisterTest" tests="4" failures="0" timestamp="21 Oct 2021 06:04:15 GMT" time="89.353" errors="0">
  <testcase name="Login" time="47.542" classname="com.qa.tests.ViewRegisterTest"/>
  <testcase name="ViewRegister" time="25.648" classname="com.qa.tests.ViewRegisterTest"/>
  <testcase name="ViewC11" time="9.837" classname="com.qa.tests.ViewRegisterTest"/>
  <testcase name="ViewWatchOverRegister" time="6.326" classname="com.qa.tests.ViewRegisterTest"/>
</testsuite> <!-- com.qa.tests.ViewRegisterTest -->
