<?xml version="1.0" encoding="UTF-8"?>
<!-- Generated by org.testng.reporters.JUnitReportReporter -->
<testsuite skipped="0" hostname="DESKTOP-3MLN4MN" name="com.qa.tests.EditEmployee1" tests="7" failures="0" timestamp="05 Nov 2021 09:16:25 GMT" time="600.222" errors="0">
  <testcase name="LoginforEditEmployeeDetails" time="7.648" classname="com.qa.tests.EditEmployee1"/>
  <testcase name="EditRegister" time="83.065" classname="com.qa.tests.EditEmployee1"/>
  <testcase name="EditPersonalDetails" time="178.408" classname="com.qa.tests.EditEmployee1"/>
  <testcase name="EditAddressDetails" time="34.106" classname="com.qa.tests.EditEmployee1"/>
  <testcase name="EditDetailsOfNomnee" time="238.217" classname="com.qa.tests.EditEmployee1"/>
  <testcase name="EditFamilyInsuredPerson" time="38.863" classname="com.qa.tests.EditEmployee1"/>
  <testcase name="EditDetailsofBankAccountsofInsuredPerson" time="19.915" classname="com.qa.tests.EditEmployee1"/>
</testsuite> <!-- com.qa.tests.EditEmployee1 -->
